In Development env !
No Redis Required !
No Docker required !
Server running on PORT 5000 27/7/2025, 4:23:50 pm
In Development env !
No Redis Required !
No Docker required !
Server running on PORT 5000 27/7/2025, 4:29:34 pm
In Development env !
No Redis Required !
No Docker required !
Server running on PORT 5000 27/7/2025, 4:35:02 pm
Database Connected !!!
GET /loggedIn 27/7/2025, 4:35:31 pm
GET /problems 27/7/2025, 4:35:31 pm
GET /loggedIn 27/7/2025, 4:35:56 pm
GET /problems 27/7/2025, 4:35:56 pm
GET /loggedIn 27/7/2025, 4:36:05 pm
GET /problems 27/7/2025, 4:36:05 pm
In Development env !
No Redis Required !
No Docker required !
Server running on PORT 5000 27/7/2025, 4:42:47 pm
Database Connected !!!
In Development env !
No Redis Required !
No Docker required !
Server running on PORT 5000 27/7/2025, 4:43:16 pm
Database Connected !!!
GET /loggedIn 27/7/2025, 4:44:42 pm
GET /problems 27/7/2025, 4:44:42 pm
In Development env !
No Redis Required !
No Docker required !
Server running on PORT 5000 27/7/2025, 4:46:08 pm
Database Connected !!!
In Development env !
No Redis Required !
No Docker required !
Server running on PORT 5000 27/7/2025, 4:49:53 pm
Database Connected !!!
In Development env !
No Redis Required !
No Docker required !
Server running on PORT 5000 27/7/2025, 4:50:02 pm
Database Connected !!!
GET /loggedIn 27/7/2025, 4:51:27 pm
GET /problems 27/7/2025, 4:51:27 pm
In Development env !
No Redis Required !
No Docker required !
Server running on PORT 5000 27/7/2025, 4:53:51 pm
Database Connected !!!
GET /loggedIn 27/7/2025, 4:54:09 pm
GET /problems 27/7/2025, 4:54:09 pm
In Development env !
No Redis Required !
No Docker required !
Server running on PORT 5000 27/7/2025, 4:55:19 pm
CORS enabled for: http://localhost:3000, http://localhost:3001, http://localhost:3000
Database Connected !!!
In Development env !
No Redis Required !
No Docker required !
Server running on PORT 5000 27/7/2025, 4:56:00 pm
CORS enabled for: http://localhost:3000, http://localhost:3001, http://localhost:3000
Database Connected !!!
GET /loggedIn 27/7/2025, 4:56:42 pm
GET /problems 27/7/2025, 4:56:42 pm
GET /leaderboard 27/7/2025, 4:56:46 pm
GET /allNotes 27/7/2025, 4:56:51 pm
GET /leaderboard 27/7/2025, 4:57:49 pm
GET /allNotes 27/7/2025, 4:57:53 pm
GET /leaderboard 27/7/2025, 4:58:05 pm
GET /leaderboard 27/7/2025, 4:58:27 pm
GET /allNotes 27/7/2025, 4:58:31 pm
GET /leaderboard 27/7/2025, 4:58:48 pm
GET /leaderboard 27/7/2025, 5:00:51 pm
GET /allNotes 27/7/2025, 5:01:09 pm
POST / 27/7/2025, 5:01:57 pm
Add Note : Hello
GET /loggedIn 27/7/2025, 5:02:01 pm
GET /problems 27/7/2025, 5:02:01 pm
GET /allNotes 27/7/2025, 5:02:01 pm
GET /allNotes 27/7/2025, 5:02:13 pm
GET /leaderboard 27/7/2025, 5:03:04 pm
In Development env !
No Redis Required !
No Docker required !
Server running on PORT 5000 27/7/2025, 5:04:44 pm
CORS enabled for: http://localhost:3000, http://localhost:3001, http://localhost:3000
Database Connected !!!
In Development env !
No Redis Required !
No Docker required !
Server running on PORT 5000 27/7/2025, 5:04:49 pm
CORS enabled for: http://localhost:3000, http://localhost:3001, http://localhost:3000
Database Connected !!!
In Development env !
No Redis Required !
No Docker required !
Server running on PORT 5000 27/7/2025, 5:04:51 pm
CORS enabled for: http://localhost:3000, http://localhost:3001, http://localhost:3000
Database Connected !!!
In Development env !
No Redis Required !
No Docker required !
Server running on PORT 5000 27/7/2025, 5:04:59 pm
CORS enabled for: http://localhost:3000, http://localhost:3001, http://localhost:3000
Database Connected !!!
In Development env !
No Redis Required !
No Docker required !
Server running on PORT 5000 27/7/2025, 5:05:01 pm
CORS enabled for: http://localhost:3000, http://localhost:3001, http://localhost:3000
Database Connected !!!
In Development env !
No Redis Required !
No Docker required !
Server running on PORT 5000 27/7/2025, 5:05:36 pm
CORS enabled for: http://localhost:3000, http://localhost:3001, http://localhost:3000
Database Connected !!!
In Development env !
No Redis Required !
No Docker required !
Server running on PORT 5000 27/7/2025, 5:05:41 pm
CORS enabled for: http://localhost:3000, http://localhost:3001, http://localhost:3000
Database Connected !!!
In Development env !
No Redis Required !
No Docker required !
Server running on PORT 5000 27/7/2025, 5:05:46 pm
CORS enabled for: http://localhost:3000, http://localhost:3001, http://localhost:3000
Database Connected !!!
In Development env !
No Redis Required !
No Docker required !
Server running on PORT 5000 27/7/2025, 5:05:50 pm
CORS enabled for: http://localhost:3000, http://localhost:3001, http://localhost:3000
Database Connected !!!
In Development env !
No Redis Required !
No Docker required !
Server running on PORT 5000 27/7/2025, 5:06:50 pm
CORS enabled for: http://localhost:3000, http://localhost:3001, http://localhost:3000
Database Connected !!!
In Development env !
No Redis Required !
No Docker required !
Server running on PORT 5000 27/7/2025, 5:07:03 pm
CORS enabled for: http://localhost:3000, http://localhost:3001, http://localhost:3000
Database Connected !!!
In Development env !
No Redis Required !
No Docker required !
Server running on PORT 5000 27/7/2025, 5:07:11 pm
CORS enabled for: http://localhost:3000, http://localhost:3001, http://localhost:3000
Database Connected !!!
In Development env !
No Redis Required !
No Docker required !
Server running on PORT 5000 27/7/2025, 5:07:15 pm
CORS enabled for: http://localhost:3000, http://localhost:3001, http://localhost:3000
Database Connected !!!
In Development env !
No Redis Required !
No Docker required !
Server running on PORT 5000 27/7/2025, 5:07:17 pm
CORS enabled for: http://localhost:3000, http://localhost:3001, http://localhost:3000
Database Connected !!!
In Development env !
No Redis Required !
No Docker required !
Server running on PORT 5000 27/7/2025, 5:14:33 pm
CORS enabled for: http://localhost:3000, http://localhost:3001, http://localhost:3000
Database Connected !!!
In Development env !
No Redis Required !
No Docker required !
Server running on PORT 5000 27/7/2025, 5:14:37 pm
CORS enabled for: http://localhost:3000, http://localhost:3001, http://localhost:3000
Database Connected !!!
In Development env !
No Redis Required !
No Docker required !
Server running on PORT 5000 27/7/2025, 5:14:50 pm
CORS enabled for: http://localhost:3000, http://localhost:3001, http://localhost:3000
Database Connected !!!
Database Connected !!!
GET /loggedIn 27/7/2025, 5:15:10 pm
GET /problems 27/7/2025, 5:15:10 pm
GET /leaderboard 27/7/2025, 5:16:03 pm
GET /allNotes 27/7/2025, 5:16:15 pm
GET /loggedIn 27/7/2025, 7:54:05 pm
GET /problems 27/7/2025, 7:54:05 pm
GET /loggedIn 27/7/2025, 7:54:45 pm
GET /problems 27/7/2025, 7:54:45 pm
GET /leaderboard 27/7/2025, 7:55:10 pm
GET /loggedIn 27/7/2025, 8:08:33 pm
GET /problems 27/7/2025, 8:08:33 pm
In Development env !
No Redis Required !
No Docker required !
Server running on PORT 5000 27/7/2025, 10:27:23 pm
CORS enabled for: http://localhost:3000, http://localhost:3001, http://localhost:3000
Database Connected !!!
In development env !
No Redis Required !
No Docker required !
Server running on PORT 5001 7/27/2025, 11:46:00 PM
CORS enabled for: http://localhost:3000, http://localhost:3001, http://localhost:3000
Database Connected !!!
GET /problems 7/27/2025, 11:46:07 PM
GET /loggedIn 7/27/2025, 11:46:07 PM
GET /leaderboard 7/27/2025, 11:46:56 PM
POST /register 7/27/2025, 11:47:28 PM
GET /loggedIn 7/27/2025, 11:47:28 PM
GET /leaderboard 7/27/2025, 11:48:27 PM
GET /getcode/6886113c5ec60262c921c437 7/27/2025, 11:48:28 PM
GET /leaderboard 7/27/2025, 11:48:30 PM
GET /loggedIn 7/27/2025, 11:48:55 PM
GET /problems 7/27/2025, 11:48:55 PM
In development env !
No Redis Required !
No Docker required !
Server running on PORT 5001 7/27/2025, 11:54:30 PM
CORS enabled for: http://localhost:3000, http://localhost:3001, http://localhost:3000
Database Connected !!!
GET /loggedIn 7/27/2025, 11:54:37 PM
GET /problems 7/27/2025, 11:54:37 PM
GET /logout 7/27/2025, 11:54:59 PM
GET /loggedIn 7/27/2025, 11:54:59 PM
POST /login 7/27/2025, 11:55:17 PM
GET /loggedIn 7/27/2025, 11:55:17 PM
POST /login 7/27/2025, 11:55:29 PM
GET /loggedIn 7/27/2025, 11:55:29 PM
POST /login 7/27/2025, 11:55:56 PM
GET /loggedIn 7/27/2025, 11:55:57 PM
POST /login 7/27/2025, 11:56:50 PM
GET /loggedIn 7/27/2025, 11:56:50 PM
